<?xml version="1.0" encoding="UTF-8"?>
<!-- Generated by org.testng.reporters.JUnitXMLReporter -->
<testsuite ignored="3" hostname="DESKTOP-3ESOLN2" failures="0" tests="1" name="Surefire test" time="26.14" errors="0" timestamp="2025-07-11T09:42:55 IST">
  <testcase classname="tests.LoginTest" name="login" time="2.374"/>
  <testcase classname="tests.SignupTest" name="validSignupTest" time="0.0">
    <ignored/>
  </testcase> <!-- validSignupTest -->
  <testcase classname="tests.AddressTest" name="setAddress" time="0.0">
    <ignored/>
  </testcase> <!-- setAddress -->
  <testcase classname="tests.RegistrationTest" name="validSignupTest" time="0.0">
    <ignored/>
  </testcase> <!-- validSignupTest -->
</testsuite> <!-- Surefire test -->
