<?xml version="1.0" encoding="UTF-8"?>
<!-- Generated by org.testng.reporters.JUnitXMLReporter -->
<testsuite ignored="0" hostname="DESKTOP-3ESOLN2" failures="1" tests="1" name="Test" time="13.944" errors="0" timestamp="2025-07-08T11:06:04 IST">
  <testcase classname="tests.LoginTest" name="login" time="3.16">
    <failure type="java.lang.NullPointerException" message="Cannot invoke &amp;quot;org.apache.logging.log4j.core.Logger.info(String)&amp;quot; because &amp;quot;tests.LoginTest.log&amp;quot; is null">
      <![CDATA[java.lang.NullPointerException: Cannot invoke "org.apache.logging.log4j.core.Logger.info(String)" because "tests.LoginTest.log" is null
at tests.LoginTest.login(LoginTest.java:50)
at java.base/java.util.ArrayList.forEach(ArrayList.java:1511)
... Removed 27 stack frames]]>
    </failure>
  </testcase> <!-- login -->
</testsuite> <!-- Test -->
