<?xml version="1.0" encoding="UTF-8"?>
<testng-results ignored="3" total="4" passed="1" failed="0" skipped="0">
  <reporter-output>
  </reporter-output>
  <suite started-at="2025-07-11T09:42:29 IST" name="Surefire suite" finished-at="2025-07-11T09:42:55 IST" duration-ms="26140">
    <groups>
    </groups>
    <test started-at="2025-07-11T09:42:29 IST" name="Surefire test" finished-at="2025-07-11T09:42:55 IST" duration-ms="26140">
      <class name="tests.LoginTest">
        <test-method is-config="true" signature="launchApp()[pri:0, instance:tests.LoginTest@1622f1b]" started-at="2025-07-11T09:42:29 IST" name="launchApp" finished-at="2025-07-11T09:42:52 IST" duration-ms="23151" status="PASS">
          <reporter-output>
          </reporter-output>
        </test-method> <!-- launchApp -->
        <test-method signature="login()[pri:0, instance:tests.LoginTest@1622f1b]" started-at="2025-07-11T09:42:52 IST" name="login" finished-at="2025-07-11T09:42:55 IST" duration-ms="2374" status="PASS">
          <reporter-output>
          </reporter-output>
        </test-method> <!-- login -->
        <test-method is-config="true" signature="closeApp()[pri:0, instance:tests.LoginTest@1622f1b]" started-at="2025-07-11T09:42:55 IST" name="closeApp" finished-at="2025-07-11T09:42:55 IST" duration-ms="164" status="PASS">
          <reporter-output>
          </reporter-output>
        </test-method> <!-- closeApp -->
      </class> <!-- tests.LoginTest -->
    </test> <!-- Surefire test -->
  </suite> <!-- Surefire suite -->
</testng-results>
