<?xml version="1.0" encoding="UTF-8"?>
<testng-results ignored="0" total="1" passed="1" failed="0" skipped="0">
  <reporter-output>
  </reporter-output>
  <suite started-at="2025-07-06T18:36:02 IST" name="Default suite" finished-at="2025-07-06T18:36:21 IST" duration-ms="18399">
    <groups>
    </groups>
    <test started-at="2025-07-06T18:36:02 IST" name="Default test" finished-at="2025-07-06T18:36:21 IST" duration-ms="18399">
      <class name="tests.LoginTest">
        <test-method is-config="true" signature="launchApp()[pri:0, instance:tests.LoginTest@5d534f5d]" started-at="2025-07-06T18:36:02 IST" name="launchApp" finished-at="2025-07-06T18:36:13 IST" duration-ms="10489" status="PASS">
          <reporter-output>
          </reporter-output>
        </test-method> <!-- launchApp -->
        <test-method signature="login()[pri:0, instance:tests.LoginTest@5d534f5d]" started-at="2025-07-06T18:36:13 IST" name="login" finished-at="2025-07-06T18:36:21 IST" duration-ms="7829" status="PASS">
          <reporter-output>
          </reporter-output>
        </test-method> <!-- login -->
      </class> <!-- tests.LoginTest -->
    </test> <!-- Default test -->
  </suite> <!-- Default suite -->
</testng-results>
